<?xml version="1.0" encoding="UTF-8"?>
<coverage generated="1773777936179" clover="3.2.0">
  <project timestamp="1773777936179" name="All files">
    <metrics statements="35" coveredstatements="35" conditionals="31" coveredconditionals="31" methods="8" coveredmethods="8" elements="74" coveredelements="74" complexity="0" loc="35" ncloc="35" packages="2" files="3" classes="3"/>
    <package name="components.dashboard">
      <metrics statements="8" coveredstatements="8" conditionals="6" coveredconditionals="6" methods="4" coveredmethods="4"/>
      <file name="CommunityStatsWidget.jsx" path="/home/penguin/code/waddlebot/admin/hub_module/frontend/src/components/dashboard/CommunityStatsWidget.jsx">
        <metrics statements="4" coveredstatements="4" conditionals="6" coveredconditionals="6" methods="2" coveredmethods="2"/>
        <line num="4" count="10" type="stmt"/>
        <line num="9" count="10" type="stmt"/>
        <line num="16" count="30" type="stmt"/>
        <line num="26" count="1" type="stmt"/>
      </file>
      <file name="QuickActionsWidget.jsx" path="/home/penguin/code/waddlebot/admin/hub_module/frontend/src/components/dashboard/QuickActionsWidget.jsx">
        <metrics statements="4" coveredstatements="4" conditionals="0" coveredconditionals="0" methods="2" coveredmethods="2"/>
        <line num="5" count="5" type="stmt"/>
        <line num="9" count="5" type="stmt"/>
        <line num="16" count="10" type="stmt"/>
        <line num="29" count="1" type="stmt"/>
      </file>
    </package>
    <package name="layouts">
      <metrics statements="27" coveredstatements="27" conditionals="25" coveredconditionals="25" methods="4" coveredmethods="4"/>
      <file name="DashboardLayout.jsx" path="/home/penguin/code/waddlebot/admin/hub_module/frontend/src/layouts/DashboardLayout.jsx">
        <metrics statements="27" coveredstatements="27" conditionals="25" coveredconditionals="25" methods="4" coveredmethods="4"/>
        <line num="27" count="27" type="stmt"/>
        <line num="28" count="27" type="stmt"/>
        <line num="29" count="27" type="stmt"/>
        <line num="30" count="27" type="stmt"/>
        <line num="32" count="27" type="stmt"/>
        <line num="33" count="27" type="cond" truecount="4" falsecount="0"/>
        <line num="34" count="2" type="stmt"/>
        <line num="36" count="25" type="cond" truecount="2" falsecount="0"/>
        <line num="37" count="6" type="cond" truecount="2" falsecount="0"/>
        <line num="38" count="5" type="stmt"/>
        <line num="41" count="27" type="stmt"/>
        <line num="42" count="27" type="stmt"/>
        <line num="44" count="27" type="cond" truecount="2" falsecount="0"/>
        <line num="45" count="21" type="stmt"/>
        <line num="54" count="21" type="cond" truecount="4" falsecount="0"/>
        <line num="55" count="3" type="stmt"/>
        <line num="58" count="21" type="stmt"/>
        <line num="67" count="6" type="stmt"/>
        <line num="83" count="6" type="cond" truecount="2" falsecount="0"/>
        <line num="84" count="1" type="stmt"/>
        <line num="98" count="27" type="cond" truecount="2" falsecount="0"/>
        <line num="99" count="1" type="stmt"/>
        <line num="112" count="27" type="cond" truecount="2" falsecount="0"/>
        <line num="113" count="2" type="stmt"/>
        <line num="130" count="27" type="stmt"/>
        <line num="133" count="27" type="stmt"/>
        <line num="172" count="1" type="stmt"/>
      </file>
    </package>
  </project>
</coverage>
