{"/home/penguin/code/waddlebot/admin/hub_module/frontend/src/components/dashboard/CommunityStatsWidget.jsx": {"path":"/home/penguin/code/waddlebot/admin/hub_module/frontend/src/components/dashboard/CommunityStatsWidget.jsx","statementMap":{"0":{"start":{"line":4,"column":16},"end":{"line":8,"column":null}},"1":{"start":{"line":9,"column":2},"end":{"line":22,"column":null}},"2":{"start":{"line":16,"column":10},"end":{"line":19,"column":null}},"3":{"start":{"line":26,"column":0},"end":{"line":30,"column":null}}},"fnMap":{"0":{"name":"CommunityStatsWidget","decl":{"start":{"line":3,"column":9},"end":{"line":3,"column":30}},"loc":{"start":{"line":3,"column":70},"end":{"line":24,"column":null}},"line":3},"1":{"name":"(anonymous_1)","decl":{"start":{"line":15,"column":19},"end":{"line":15,"column":20}},"loc":{"start":{"line":16,"column":10},"end":{"line":19,"column":null}},"line":16}},"branchMap":{"0":{"loc":{"start":{"line":5,"column":31},"end":{"line":5,"column":79}},"type":"binary-expr","locations":[{"start":{"line":5,"column":31},"end":{"line":5,"column":75}},{"start":{"line":5,"column":75},"end":{"line":5,"column":79}}],"line":5},"1":{"loc":{"start":{"line":6,"column":36},"end":{"line":6,"column":57}},"type":"binary-expr","locations":[{"start":{"line":6,"column":36},"end":{"line":6,"column":55}},{"start":{"line":6,"column":55},"end":{"line":6,"column":57}}],"line":6},"2":{"loc":{"start":{"line":7,"column":39},"end":{"line":7,"column":67}},"type":"binary-expr","locations":[{"start":{"line":7,"column":39},"end":{"line":7,"column":65}},{"start":{"line":7,"column":65},"end":{"line":7,"column":67}}],"line":7}},"s":{"0":10,"1":10,"2":30,"3":1},"f":{"0":10,"1":30},"b":{"0":[10,8],"1":[10,1],"2":[10,1]},"meta":{"lastBranch":3,"lastFunction":2,"lastStatement":4,"seen":{"f:3:9:3:30":0,"s:4:16:8:Infinity":0,"b:5:31:5:75:5:75:5:79":0,"b:6:36:6:55:6:55:6:57":1,"b:7:39:7:65:7:65:7:67":2,"s:9:2:22:Infinity":1,"f:15:19:15:20":1,"s:16:10:19:Infinity":2,"s:26:0:30:Infinity":3}}}
,"/home/penguin/code/waddlebot/admin/hub_module/frontend/src/components/dashboard/QuickActionsWidget.jsx": {"path":"/home/penguin/code/waddlebot/admin/hub_module/frontend/src/components/dashboard/QuickActionsWidget.jsx","statementMap":{"0":{"start":{"line":5,"column":16},"end":{"line":8,"column":null}},"1":{"start":{"line":9,"column":2},"end":{"line":25,"column":null}},"2":{"start":{"line":16,"column":10},"end":{"line":22,"column":null}},"3":{"start":{"line":29,"column":0},"end":{"line":31,"column":null}}},"fnMap":{"0":{"name":"QuickActionsWidget","decl":{"start":{"line":4,"column":9},"end":{"line":4,"column":28}},"loc":{"start":{"line":4,"column":36},"end":{"line":27,"column":null}},"line":4},"1":{"name":"(anonymous_1)","decl":{"start":{"line":15,"column":19},"end":{"line":15,"column":20}},"loc":{"start":{"line":16,"column":10},"end":{"line":22,"column":null}},"line":16}},"branchMap":{},"s":{"0":5,"1":5,"2":10,"3":1},"f":{"0":5,"1":10},"b":{},"meta":{"lastBranch":0,"lastFunction":2,"lastStatement":4,"seen":{"f:4:9:4:28":0,"s:5:16:8:Infinity":0,"s:9:2:25:Infinity":1,"f:15:19:15:20":1,"s:16:10:22:Infinity":2,"s:29:0:31:Infinity":3}}}
,"/home/penguin/code/waddlebot/admin/hub_module/frontend/src/layouts/DashboardLayout.jsx": {"path":"/home/penguin/code/waddlebot/admin/hub_module/frontend/src/layouts/DashboardLayout.jsx","statementMap":{"0":{"start":{"line":27,"column":86},"end":{"line":27,"column":null}},"1":{"start":{"line":28,"column":8},"end":{"line":28,"column":null}},"2":{"start":{"line":29,"column":26},"end":{"line":29,"column":null}},"3":{"start":{"line":30,"column":8},"end":{"line":30,"column":null}},"4":{"start":{"line":32,"column":8},"end":{"line":39,"column":null}},"5":{"start":{"line":33,"column":4},"end":{"line":35,"column":null}},"6":{"start":{"line":34,"column":6},"end":{"line":34,"column":null}},"7":{"start":{"line":36,"column":4},"end":{"line":36,"column":null}},"8":{"start":{"line":36,"column":22},"end":{"line":36,"column":null}},"9":{"start":{"line":37,"column":4},"end":{"line":37,"column":null}},"10":{"start":{"line":37,"column":48},"end":{"line":37,"column":null}},"11":{"start":{"line":38,"column":4},"end":{"line":38,"column":null}},"12":{"start":{"line":41,"column":8},"end":{"line":131,"column":null}},"13":{"start":{"line":42,"column":17},"end":{"line":42,"column":null}},"14":{"start":{"line":44,"column":4},"end":{"line":96,"column":null}},"15":{"start":{"line":45,"column":24},"end":{"line":51,"column":null}},"16":{"start":{"line":54,"column":6},"end":{"line":56,"column":null}},"17":{"start":{"line":55,"column":8},"end":{"line":55,"column":null}},"18":{"start":{"line":58,"column":6},"end":{"line":64,"column":null}},"19":{"start":{"line":67,"column":6},"end":{"line":81,"column":null}},"20":{"start":{"line":83,"column":6},"end":{"line":95,"column":null}},"21":{"start":{"line":84,"column":8},"end":{"line":94,"column":null}},"22":{"start":{"line":98,"column":4},"end":{"line":110,"column":null}},"23":{"start":{"line":99,"column":6},"end":{"line":109,"column":null}},"24":{"start":{"line":112,"column":4},"end":{"line":128,"column":null}},"25":{"start":{"line":113,"column":6},"end":{"line":127,"column":null}},"26":{"start":{"line":130,"column":4},"end":{"line":130,"column":null}},"27":{"start":{"line":133,"column":2},"end":{"line":188,"column":null}},"28":{"start":{"line":172,"column":32},"end":{"line":172,"column":null}}},"fnMap":{"0":{"name":"DashboardLayout","decl":{"start":{"line":26,"column":9},"end":{"line":26,"column":27}},"loc":{"start":{"line":26,"column":27},"end":{"line":190,"column":null}},"line":26},"1":{"name":"(anonymous_1)","decl":{"start":{"line":32,"column":33},"end":{"line":32,"column":39}},"loc":{"start":{"line":32,"column":39},"end":{"line":39,"column":5}},"line":32},"2":{"name":"(anonymous_2)","decl":{"start":{"line":41,"column":29},"end":{"line":41,"column":35}},"loc":{"start":{"line":41,"column":35},"end":{"line":131,"column":5}},"line":41},"3":{"name":"(anonymous_3)","decl":{"start":{"line":172,"column":22},"end":{"line":172,"column":23}},"loc":{"start":{"line":172,"column":32},"end":{"line":172,"column":null}},"line":172}},"branchMap":{"0":{"loc":{"start":{"line":33,"column":4},"end":{"line":35,"column":null}},"type":"if","locations":[{"start":{"line":33,"column":4},"end":{"line":35,"column":null}},{"start":{},"end":{}}],"line":33},"1":{"loc":{"start":{"line":33,"column":8},"end":{"line":33,"column":104}},"type":"binary-expr","locations":[{"start":{"line":33,"column":8},"end":{"line":33,"column":55}},{"start":{"line":33,"column":55},"end":{"line":33,"column":104}}],"line":33},"2":{"loc":{"start":{"line":36,"column":4},"end":{"line":36,"column":null}},"type":"if","locations":[{"start":{"line":36,"column":4},"end":{"line":36,"column":null}},{"start":{},"end":{}}],"line":36},"3":{"loc":{"start":{"line":37,"column":4},"end":{"line":37,"column":null}},"type":"if","locations":[{"start":{"line":37,"column":4},"end":{"line":37,"column":null}},{"start":{},"end":{}}],"line":37},"4":{"loc":{"start":{"line":44,"column":4},"end":{"line":96,"column":null}},"type":"if","locations":[{"start":{"line":44,"column":4},"end":{"line":96,"column":null}},{"start":{"line":65,"column":11},"end":{"line":96,"column":null}}],"line":44},"5":{"loc":{"start":{"line":54,"column":6},"end":{"line":56,"column":null}},"type":"if","locations":[{"start":{"line":54,"column":6},"end":{"line":56,"column":null}},{"start":{},"end":{}}],"line":54},"6":{"loc":{"start":{"line":54,"column":10},"end":{"line":54,"column":47}},"type":"binary-expr","locations":[{"start":{"line":54,"column":10},"end":{"line":54,"column":33}},{"start":{"line":54,"column":33},"end":{"line":54,"column":47}}],"line":54},"7":{"loc":{"start":{"line":83,"column":6},"end":{"line":95,"column":null}},"type":"if","locations":[{"start":{"line":83,"column":6},"end":{"line":95,"column":null}},{"start":{},"end":{}}],"line":83},"8":{"loc":{"start":{"line":98,"column":4},"end":{"line":110,"column":null}},"type":"if","locations":[{"start":{"line":98,"column":4},"end":{"line":110,"column":null}},{"start":{},"end":{}}],"line":98},"9":{"loc":{"start":{"line":112,"column":4},"end":{"line":128,"column":null}},"type":"if","locations":[{"start":{"line":112,"column":4},"end":{"line":128,"column":null}},{"start":{},"end":{}}],"line":112},"10":{"loc":{"start":{"line":146,"column":15},"end":{"line":153,"column":null}},"type":"cond-expr","locations":[{"start":{"line":147,"column":16},"end":{"line":147,"column":null}},{"start":{"line":149,"column":16},"end":{"line":153,"column":null}}],"line":146},"11":{"loc":{"start":{"line":178,"column":20},"end":{"line":178,"column":70}},"type":"binary-expr","locations":[{"start":{"line":178,"column":20},"end":{"line":178,"column":41}},{"start":{"line":178,"column":41},"end":{"line":178,"column":59}},{"start":{"line":178,"column":59},"end":{"line":178,"column":70}}],"line":178}},"s":{"0":27,"1":27,"2":27,"3":27,"4":27,"5":27,"6":2,"7":25,"8":19,"9":6,"10":1,"11":5,"12":27,"13":27,"14":27,"15":21,"16":21,"17":3,"18":21,"19":6,"20":6,"21":1,"22":27,"23":1,"24":27,"25":2,"26":27,"27":27,"28":1},"f":{"0":27,"1":27,"2":27,"3":1},"b":{"0":[2,25],"1":[27,26],"2":[19,6],"3":[1,5],"4":[21,6],"5":[3,18],"6":[21,20],"7":[1,5],"8":[1,26],"9":[2,25],"10":[1,26],"11":[27,2,1]},"meta":{"lastBranch":12,"lastFunction":4,"lastStatement":29,"seen":{"f:26:9:26:27":0,"s:27:86:27:Infinity":0,"s:28:8:28:Infinity":1,"s:29:26:29:Infinity":2,"s:30:8:30:Infinity":3,"s:32:8:39:Infinity":4,"f:32:33:32:39":1,"b:33:4:35:Infinity:undefined:undefined:undefined:undefined":0,"s:33:4:35:Infinity":5,"b:33:8:33:55:33:55:33:104":1,"s:34:6:34:Infinity":6,"b:36:4:36:Infinity:undefined:undefined:undefined:undefined":2,"s:36:4:36:Infinity":7,"s:36:22:36:Infinity":8,"b:37:4:37:Infinity:undefined:undefined:undefined:undefined":3,"s:37:4:37:Infinity":9,"s:37:48:37:Infinity":10,"s:38:4:38:Infinity":11,"s:41:8:131:Infinity":12,"f:41:29:41:35":2,"s:42:17:42:Infinity":13,"b:44:4:96:Infinity:65:11:96:Infinity":4,"s:44:4:96:Infinity":14,"s:45:24:51:Infinity":15,"b:54:6:56:Infinity:undefined:undefined:undefined:undefined":5,"s:54:6:56:Infinity":16,"b:54:10:54:33:54:33:54:47":6,"s:55:8:55:Infinity":17,"s:58:6:64:Infinity":18,"s:67:6:81:Infinity":19,"b:83:6:95:Infinity:undefined:undefined:undefined:undefined":7,"s:83:6:95:Infinity":20,"s:84:8:94:Infinity":21,"b:98:4:110:Infinity:undefined:undefined:undefined:undefined":8,"s:98:4:110:Infinity":22,"s:99:6:109:Infinity":23,"b:112:4:128:Infinity:undefined:undefined:undefined:undefined":9,"s:112:4:128:Infinity":24,"s:113:6:127:Infinity":25,"s:130:4:130:Infinity":26,"s:133:2:188:Infinity":27,"b:147:16:147:Infinity:149:16:153:Infinity":10,"f:172:22:172:23":3,"s:172:32:172:Infinity":28,"b:178:20:178:41:178:41:178:59:178:59:178:70":11}}}
}
